<?xml version="1.0" encoding="UTF-8"?>
<testng-results skipped="0" failed="0" total="1" passed="1">
  <reporter-output>
  </reporter-output>
  <suite name="Default suite" duration-ms="4390" started-at="2019-12-08T01:22:44Z" finished-at="2019-12-08T01:22:48Z">
    <groups>
    </groups>
    <test name="Default test" duration-ms="4390" started-at="2019-12-08T01:22:44Z" finished-at="2019-12-08T01:22:48Z">
      <class name="no.itautomationapi.pages.PagesRunner">
        <test-method status="PASS" signature="testParallel()[pri:0, instance:no.itautomationapi.pages.PagesRunner@3bfdc050]" name="testParallel" duration-ms="4379" started-at="2019-12-08T02:22:44Z" finished-at="2019-12-08T02:22:48Z">
          <reporter-output>
          </reporter-output>
        </test-method> <!-- testParallel -->
      </class> <!-- no.itautomationapi.pages.PagesRunner -->
    </test> <!-- Default test -->
  </suite> <!-- Default suite -->
</testng-results>
